This file contains any messages produced by compilers while
running configure, to aid debugging if configure makes a mistake.

It was created by configure, which was
generated by GNU Autoconf 2.61.  Invocation command line was

  $ ./configure 

## --------- ##
## Platform. ##
## --------- ##

hostname = samantha
uname -m = x86_64
uname -r = 3.5.0-48-generic
uname -s = Linux
uname -v = #72-Ubuntu SMP Mon Mar 10 23:18:29 UTC 2014

/usr/bin/uname -p = unknown
/bin/uname -X     = unknown

/bin/arch              = unknown
/usr/bin/arch -k       = unknown
/usr/convex/getsysinfo = unknown
/usr/bin/hostinfo      = unknown
/bin/machine           = unknown
/usr/bin/oslevel       = unknown
/bin/universe          = unknown

PATH: /usr/lib/lightdm/lightdm
PATH: /usr/local/sbin
PATH: /usr/local/bin
PATH: /usr/sbin
PATH: /usr/bin
PATH: /sbin
PATH: /bin
PATH: /usr/games
PATH: /usr/local/games
PATH: /home/nilsbeausse/bin_leto_prom
PATH: /home/nilsbeausse/eclipse


## ----------- ##
## Core tests. ##
## ----------- ##

configure:1791: checking for a BSD-compatible install
configure:1847: result: /usr/bin/install -c
configure:1858: checking whether build environment is sane
configure:1901: result: yes
configure:1925: WARNING: `missing' script is too old or missing
configure:1966: checking for gawk
configure:1982: found /usr/bin/gawk
configure:1993: result: gawk
configure:2004: checking whether make sets $(MAKE)
configure:2025: result: yes
configure:2263: checking for ranlib
configure:2279: found /usr/bin/ranlib
configure:2290: result: ranlib
configure:2374: checking for g++
configure:2390: found /usr/bin/g++
configure:2401: result: g++
configure:2432: checking for C++ compiler version
configure:2439: g++ --version >&5
g++ (Ubuntu/Linaro 4.7.2-2ubuntu1) 4.7.2
Copyright (C) 2012 Free Software Foundation, Inc.
This is free software; see the source for copying conditions.  There is NO
warranty; not even for MERCHANTABILITY or FITNESS FOR A PARTICULAR PURPOSE.

configure:2442: $? = 0
configure:2449: g++ -v >&5
Using built-in specs.
COLLECT_GCC=g++
COLLECT_LTO_WRAPPER=/usr/lib/gcc/x86_64-linux-gnu/4.7/lto-wrapper
Target: x86_64-linux-gnu
Configured with: ../src/configure -v --with-pkgversion='Ubuntu/Linaro 4.7.2-2ubuntu1' --with-bugurl=file:///usr/share/doc/gcc-4.7/README.Bugs --enable-languages=c,c++,go,fortran,objc,obj-c++ --prefix=/usr --program-suffix=-4.7 --enable-shared --enable-linker-build-id --with-system-zlib --libexecdir=/usr/lib --without-included-gettext --enable-threads=posix --with-gxx-include-dir=/usr/include/c++/4.7 --libdir=/usr/lib --enable-nls --with-sysroot=/ --enable-clocale=gnu --enable-libstdcxx-debug --enable-libstdcxx-time=yes --enable-gnu-unique-object --enable-plugin --enable-objc-gc --disable-werror --with-arch-32=i686 --with-tune=generic --enable-checking=release --build=x86_64-linux-gnu --host=x86_64-linux-gnu --target=x86_64-linux-gnu
Thread model: posix
gcc version 4.7.2 (Ubuntu/Linaro 4.7.2-2ubuntu1) 
configure:2452: $? = 0
configure:2459: g++ -V >&5
g++: error: unrecognized command line option '-V'
g++: fatal error: no input files
compilation terminated.
configure:2462: $? = 4
configure:2485: checking for C++ compiler default output file name
configure:2512: g++    conftest.cpp  >&5
configure:2515: $? = 0
configure:2553: result: a.out
configure:2570: checking whether the C++ compiler works
configure:2580: ./a.out
configure:2583: $? = 0
configure:2600: result: yes
configure:2607: checking whether we are cross compiling
configure:2609: result: no
configure:2612: checking for suffix of executables
configure:2619: g++ -o conftest    conftest.cpp  >&5
configure:2622: $? = 0
configure:2646: result: 
configure:2652: checking for suffix of object files
configure:2678: g++ -c   conftest.cpp >&5
configure:2681: $? = 0
configure:2704: result: o
configure:2708: checking whether we are using the GNU C++ compiler
configure:2737: g++ -c   conftest.cpp >&5
configure:2743: $? = 0
configure:2760: result: yes
configure:2765: checking whether g++ accepts -g
configure:2795: g++ -c -g  conftest.cpp >&5
configure:2801: $? = 0
configure:2900: result: yes
configure:2934: checking for style of include used by make
configure:2962: result: GNU
configure:2990: checking dependency style of g++
configure:3080: result: none
configure:3145: checking for gcc
configure:3161: found /usr/bin/gcc
configure:3172: result: gcc
configure:3410: checking for C compiler version
configure:3417: gcc --version >&5
gcc (Ubuntu/Linaro 4.7.2-2ubuntu1) 4.7.2
Copyright (C) 2012 Free Software Foundation, Inc.
This is free software; see the source for copying conditions.  There is NO
warranty; not even for MERCHANTABILITY or FITNESS FOR A PARTICULAR PURPOSE.

configure:3420: $? = 0
configure:3427: gcc -v >&5
Using built-in specs.
COLLECT_GCC=gcc
COLLECT_LTO_WRAPPER=/usr/lib/gcc/x86_64-linux-gnu/4.7/lto-wrapper
Target: x86_64-linux-gnu
Configured with: ../src/configure -v --with-pkgversion='Ubuntu/Linaro 4.7.2-2ubuntu1' --with-bugurl=file:///usr/share/doc/gcc-4.7/README.Bugs --enable-languages=c,c++,go,fortran,objc,obj-c++ --prefix=/usr --program-suffix=-4.7 --enable-shared --enable-linker-build-id --with-system-zlib --libexecdir=/usr/lib --without-included-gettext --enable-threads=posix --with-gxx-include-dir=/usr/include/c++/4.7 --libdir=/usr/lib --enable-nls --with-sysroot=/ --enable-clocale=gnu --enable-libstdcxx-debug --enable-libstdcxx-time=yes --enable-gnu-unique-object --enable-plugin --enable-objc-gc --disable-werror --with-arch-32=i686 --with-tune=generic --enable-checking=release --build=x86_64-linux-gnu --host=x86_64-linux-gnu --target=x86_64-linux-gnu
Thread model: posix
gcc version 4.7.2 (Ubuntu/Linaro 4.7.2-2ubuntu1) 
configure:3430: $? = 0
configure:3437: gcc -V >&5
gcc: error: unrecognized command line option '-V'
gcc: fatal error: no input files
compilation terminated.
configure:3440: $? = 4
configure:3443: checking whether we are using the GNU C compiler
configure:3472: gcc -c   conftest.c >&5
configure:3478: $? = 0
configure:3495: result: yes
configure:3500: checking whether gcc accepts -g
configure:3530: gcc -c -g  conftest.c >&5
configure:3536: $? = 0
configure:3635: result: yes
configure:3652: checking for gcc option to accept ISO C89
configure:3726: gcc  -c -g -O2  conftest.c >&5
configure:3732: $? = 0
configure:3755: result: none needed
configure:3775: checking dependency style of gcc
configure:3865: result: none
configure:3885: checking for swig
configure:3918: result: no
configure:3924: WARNING: cannot find 'swig' program. You should look at http://www.swig.org
configure:4000: checking for python
configure:4018: found /usr/bin/python
configure:4030: result: /usr/bin/python
configure:4047: checking for a version of Python >= '2.1.0'
configure:4081: result: yes
configure:4116: checking for the distutils Python package
configure:4120: result: yes
configure:4137: checking for Python include path
configure:4147: result: -I/usr/include/python2.7
configure:4154: checking for Python library path
configure:4176: result: -L/usr/lib/python2.7 -lpython2.7
configure:4183: checking for Python site-packages path
configure:4189: result: /usr/lib/python2.7/dist-packages
configure:4196: checking python extra libraries
configure:4203: result: -L/usr/lib -lz -lpthread -ldl  -lutil
configure:4210: checking python extra linking flags
configure:4217: result: -Xlinker -export-dynamic -Wl,-O1 -Wl,-Bsymbolic-functions
configure:4240: checking how to run the C preprocessor
configure:4280: gcc -E  conftest.c
configure:4286: $? = 0
configure:4317: gcc -E  conftest.c
conftest.c:10:28: fatal error: ac_nonexistent.h: No such file or directory
compilation terminated.
configure:4323: $? = 1
configure: failed program was:
| /* confdefs.h.  */
| #define PACKAGE_NAME ""
| #define PACKAGE_TARNAME ""
| #define PACKAGE_VERSION ""
| #define PACKAGE_STRING ""
| #define PACKAGE_BUGREPORT ""
| #define PACKAGE "KNI"
| #define VERSION "3.6.0"
| /* end confdefs.h.  */
| #include <ac_nonexistent.h>
configure:4356: result: gcc -E
configure:4385: gcc -E  conftest.c
configure:4391: $? = 0
configure:4422: gcc -E  conftest.c
conftest.c:10:28: fatal error: ac_nonexistent.h: No such file or directory
compilation terminated.
configure:4428: $? = 1
configure: failed program was:
| /* confdefs.h.  */
| #define PACKAGE_NAME ""
| #define PACKAGE_TARNAME ""
| #define PACKAGE_VERSION ""
| #define PACKAGE_STRING ""
| #define PACKAGE_BUGREPORT ""
| #define PACKAGE "KNI"
| #define VERSION "3.6.0"
| /* end confdefs.h.  */
| #include <ac_nonexistent.h>
configure:4466: checking for grep that handles long lines and -e
configure:4540: result: /bin/grep
configure:4545: checking for egrep
configure:4623: result: /bin/grep -E
configure:4628: checking for ANSI C header files
configure:4658: gcc -c -g -O2  conftest.c >&5
configure:4664: $? = 0
configure:4763: gcc -o conftest -g -O2   conftest.c  >&5
configure:4766: $? = 0
configure:4772: ./conftest
configure:4775: $? = 0
configure:4792: result: yes
configure:4816: checking for sys/types.h
configure:4837: gcc -c -g -O2  conftest.c >&5
configure:4843: $? = 0
configure:4859: result: yes
configure:4816: checking for sys/stat.h
configure:4837: gcc -c -g -O2  conftest.c >&5
configure:4843: $? = 0
configure:4859: result: yes
configure:4816: checking for stdlib.h
configure:4837: gcc -c -g -O2  conftest.c >&5
configure:4843: $? = 0
configure:4859: result: yes
configure:4816: checking for string.h
configure:4837: gcc -c -g -O2  conftest.c >&5
configure:4843: $? = 0
configure:4859: result: yes
configure:4816: checking for memory.h
configure:4837: gcc -c -g -O2  conftest.c >&5
configure:4843: $? = 0
configure:4859: result: yes
configure:4816: checking for strings.h
configure:4837: gcc -c -g -O2  conftest.c >&5
configure:4843: $? = 0
configure:4859: result: yes
configure:4816: checking for inttypes.h
configure:4837: gcc -c -g -O2  conftest.c >&5
configure:4843: $? = 0
configure:4859: result: yes
configure:4816: checking for stdint.h
configure:4837: gcc -c -g -O2  conftest.c >&5
configure:4843: $? = 0
configure:4859: result: yes
configure:4816: checking for unistd.h
configure:4837: gcc -c -g -O2  conftest.c >&5
configure:4843: $? = 0
configure:4859: result: yes
configure:4892: checking fcntl.h usability
configure:4909: gcc -c -g -O2  conftest.c >&5
configure:4915: $? = 0
configure:4929: result: yes
configure:4933: checking fcntl.h presence
configure:4948: gcc -E  conftest.c
configure:4954: $? = 0
configure:4968: result: yes
configure:4996: checking for fcntl.h
configure:5004: result: yes
configure:4892: checking float.h usability
configure:4909: gcc -c -g -O2  conftest.c >&5
configure:4915: $? = 0
configure:4929: result: yes
configure:4933: checking float.h presence
configure:4948: gcc -E  conftest.c
configure:4954: $? = 0
configure:4968: result: yes
configure:4996: checking for float.h
configure:5004: result: yes
configure:4892: checking limits.h usability
configure:4909: gcc -c -g -O2  conftest.c >&5
configure:4915: $? = 0
configure:4929: result: yes
configure:4933: checking limits.h presence
configure:4948: gcc -E  conftest.c
configure:4954: $? = 0
configure:4968: result: yes
configure:4996: checking for limits.h
configure:5004: result: yes
configure:4882: checking for string.h
configure:4888: result: yes
configure:4892: checking sys/time.h usability
configure:4909: gcc -c -g -O2  conftest.c >&5
configure:4915: $? = 0
configure:4929: result: yes
configure:4933: checking sys/time.h presence
configure:4948: gcc -E  conftest.c
configure:4954: $? = 0
configure:4968: result: yes
configure:4996: checking for sys/time.h
configure:5004: result: yes
configure:4892: checking termios.h usability
configure:4909: gcc -c -g -O2  conftest.c >&5
configure:4915: $? = 0
configure:4929: result: yes
configure:4933: checking termios.h presence
configure:4948: gcc -E  conftest.c
configure:4954: $? = 0
configure:4968: result: yes
configure:4996: checking for termios.h
configure:5004: result: yes
configure:4882: checking for unistd.h
configure:4888: result: yes
configure:5019: checking for stdbool.h that conforms to C99
configure:5112: gcc -c -g -O2  conftest.c >&5
configure:5118: $? = 0
configure:5133: result: yes
configure:5135: checking for _Bool
configure:5165: gcc -c -g -O2  conftest.c >&5
configure:5171: $? = 0
configure:5186: result: yes
configure:5205: checking for an ANSI C-conforming const
configure:5280: gcc -c -g -O2  conftest.c >&5
configure:5286: $? = 0
configure:5301: result: yes
configure:5311: checking for inline
configure:5337: gcc -c -g -O2  conftest.c >&5
configure:5343: $? = 0
configure:5361: result: inline
configure:5380: checking for size_t
configure:5410: gcc -c -g -O2  conftest.c >&5
configure:5416: $? = 0
configure:5431: result: yes
configure:5443: checking whether time.h and sys/time.h may both be included
configure:5473: gcc -c -g -O2  conftest.c >&5
configure:5479: $? = 0
configure:5494: result: yes
configure:5504: checking for ptrdiff_t
configure:5534: gcc -c -g -O2  conftest.c >&5
configure:5540: $? = 0
configure:5555: result: yes
configure:5573: checking for stdlib.h
configure:5579: result: yes
configure:5708: checking for GNU libc compatible malloc
configure:5742: gcc -o conftest -g -O2   conftest.c  >&5
configure:5745: $? = 0
configure:5751: ./conftest
configure:5754: $? = 0
configure:5770: result: yes
configure:5809: checking for bzero
configure:5865: gcc -o conftest -g -O2   conftest.c  >&5
conftest.c:56:6: warning: conflicting types for built-in function 'bzero' [enabled by default]
configure:5871: $? = 0
configure:5889: result: yes
configure:5809: checking for floor
configure:5865: gcc -o conftest -g -O2   conftest.c  >&5
conftest.c:57:6: warning: conflicting types for built-in function 'floor' [enabled by default]
/tmp/ccx0fKC1.o: In function `main':
/home/nilsbeausse/Simulateur/broker/KNI_3.9.1/conftest.c:68: undefined reference to `floor'
collect2: error: ld returned 1 exit status
configure:5871: $? = 1
configure: failed program was:
| /* confdefs.h.  */
| #define PACKAGE_NAME ""
| #define PACKAGE_TARNAME ""
| #define PACKAGE_VERSION ""
| #define PACKAGE_STRING ""
| #define PACKAGE_BUGREPORT ""
| #define PACKAGE "KNI"
| #define VERSION "3.6.0"
| #define STDC_HEADERS 1
| #define HAVE_SYS_TYPES_H 1
| #define HAVE_SYS_STAT_H 1
| #define HAVE_STDLIB_H 1
| #define HAVE_STRING_H 1
| #define HAVE_MEMORY_H 1
| #define HAVE_STRINGS_H 1
| #define HAVE_INTTYPES_H 1
| #define HAVE_STDINT_H 1
| #define HAVE_UNISTD_H 1
| #define HAVE_FCNTL_H 1
| #define HAVE_FLOAT_H 1
| #define HAVE_LIMITS_H 1
| #define HAVE_STRING_H 1
| #define HAVE_SYS_TIME_H 1
| #define HAVE_TERMIOS_H 1
| #define HAVE_UNISTD_H 1
| #define HAVE__BOOL 1
| #define HAVE_STDBOOL_H 1
| #define TIME_WITH_SYS_TIME 1
| #define HAVE_PTRDIFF_T 1
| #define HAVE_STDLIB_H 1
| #define HAVE_MALLOC 1
| #define HAVE_BZERO 1
| /* end confdefs.h.  */
| /* Define floor to an innocuous variant, in case <limits.h> declares floor.
|    For example, HP-UX 11i <limits.h> declares gettimeofday.  */
| #define floor innocuous_floor
| 
| /* System header to define __stub macros and hopefully few prototypes,
|     which can conflict with char floor (); below.
|     Prefer <limits.h> to <assert.h> if __STDC__ is defined, since
|     <limits.h> exists even on freestanding compilers.  */
| 
| #ifdef __STDC__
| # include <limits.h>
| #else
| # include <assert.h>
| #endif
| 
| #undef floor
| 
| /* Override any GCC internal prototype to avoid an error.
|    Use char because int might match the return type of a GCC
|    builtin and then its argument prototype would still apply.  */
| #ifdef __cplusplus
| extern "C"
| #endif
| char floor ();
| /* The GNU C library defines this for functions which it implements
|     to always fail with ENOSYS.  Some functions are actually named
|     something starting with __ and the normal name is an alias.  */
| #if defined __stub_floor || defined __stub___floor
| choke me
| #endif
| 
| int
| main ()
| {
| return floor ();
|   ;
|   return 0;
| }
configure:5889: result: no
configure:5809: checking for gettimeofday
configure:5865: gcc -o conftest -g -O2   conftest.c  >&5
configure:5871: $? = 0
configure:5889: result: yes
configure:5809: checking for memset
configure:5865: gcc -o conftest -g -O2   conftest.c  >&5
conftest.c:58:6: warning: conflicting types for built-in function 'memset' [enabled by default]
configure:5871: $? = 0
configure:5889: result: yes
configure:5809: checking for pow
configure:5865: gcc -o conftest -g -O2   conftest.c  >&5
conftest.c:59:6: warning: conflicting types for built-in function 'pow' [enabled by default]
/tmp/cczlyMTe.o: In function `main':
/home/nilsbeausse/Simulateur/broker/KNI_3.9.1/conftest.c:70: undefined reference to `pow'
collect2: error: ld returned 1 exit status
configure:5871: $? = 1
configure: failed program was:
| /* confdefs.h.  */
| #define PACKAGE_NAME ""
| #define PACKAGE_TARNAME ""
| #define PACKAGE_VERSION ""
| #define PACKAGE_STRING ""
| #define PACKAGE_BUGREPORT ""
| #define PACKAGE "KNI"
| #define VERSION "3.6.0"
| #define STDC_HEADERS 1
| #define HAVE_SYS_TYPES_H 1
| #define HAVE_SYS_STAT_H 1
| #define HAVE_STDLIB_H 1
| #define HAVE_STRING_H 1
| #define HAVE_MEMORY_H 1
| #define HAVE_STRINGS_H 1
| #define HAVE_INTTYPES_H 1
| #define HAVE_STDINT_H 1
| #define HAVE_UNISTD_H 1
| #define HAVE_FCNTL_H 1
| #define HAVE_FLOAT_H 1
| #define HAVE_LIMITS_H 1
| #define HAVE_STRING_H 1
| #define HAVE_SYS_TIME_H 1
| #define HAVE_TERMIOS_H 1
| #define HAVE_UNISTD_H 1
| #define HAVE__BOOL 1
| #define HAVE_STDBOOL_H 1
| #define TIME_WITH_SYS_TIME 1
| #define HAVE_PTRDIFF_T 1
| #define HAVE_STDLIB_H 1
| #define HAVE_MALLOC 1
| #define HAVE_BZERO 1
| #define HAVE_GETTIMEOFDAY 1
| #define HAVE_MEMSET 1
| /* end confdefs.h.  */
| /* Define pow to an innocuous variant, in case <limits.h> declares pow.
|    For example, HP-UX 11i <limits.h> declares gettimeofday.  */
| #define pow innocuous_pow
| 
| /* System header to define __stub macros and hopefully few prototypes,
|     which can conflict with char pow (); below.
|     Prefer <limits.h> to <assert.h> if __STDC__ is defined, since
|     <limits.h> exists even on freestanding compilers.  */
| 
| #ifdef __STDC__
| # include <limits.h>
| #else
| # include <assert.h>
| #endif
| 
| #undef pow
| 
| /* Override any GCC internal prototype to avoid an error.
|    Use char because int might match the return type of a GCC
|    builtin and then its argument prototype would still apply.  */
| #ifdef __cplusplus
| extern "C"
| #endif
| char pow ();
| /* The GNU C library defines this for functions which it implements
|     to always fail with ENOSYS.  Some functions are actually named
|     something starting with __ and the normal name is an alias.  */
| #if defined __stub_pow || defined __stub___pow
| choke me
| #endif
| 
| int
| main ()
| {
| return pow ();
|   ;
|   return 0;
| }
configure:5889: result: no
configure:5809: checking for sqrt
configure:5865: gcc -o conftest -g -O2   conftest.c  >&5
conftest.c:59:6: warning: conflicting types for built-in function 'sqrt' [enabled by default]
/tmp/ccDMytbj.o: In function `main':
/home/nilsbeausse/Simulateur/broker/KNI_3.9.1/conftest.c:70: undefined reference to `sqrt'
collect2: error: ld returned 1 exit status
configure:5871: $? = 1
configure: failed program was:
| /* confdefs.h.  */
| #define PACKAGE_NAME ""
| #define PACKAGE_TARNAME ""
| #define PACKAGE_VERSION ""
| #define PACKAGE_STRING ""
| #define PACKAGE_BUGREPORT ""
| #define PACKAGE "KNI"
| #define VERSION "3.6.0"
| #define STDC_HEADERS 1
| #define HAVE_SYS_TYPES_H 1
| #define HAVE_SYS_STAT_H 1
| #define HAVE_STDLIB_H 1
| #define HAVE_STRING_H 1
| #define HAVE_MEMORY_H 1
| #define HAVE_STRINGS_H 1
| #define HAVE_INTTYPES_H 1
| #define HAVE_STDINT_H 1
| #define HAVE_UNISTD_H 1
| #define HAVE_FCNTL_H 1
| #define HAVE_FLOAT_H 1
| #define HAVE_LIMITS_H 1
| #define HAVE_STRING_H 1
| #define HAVE_SYS_TIME_H 1
| #define HAVE_TERMIOS_H 1
| #define HAVE_UNISTD_H 1
| #define HAVE__BOOL 1
| #define HAVE_STDBOOL_H 1
| #define TIME_WITH_SYS_TIME 1
| #define HAVE_PTRDIFF_T 1
| #define HAVE_STDLIB_H 1
| #define HAVE_MALLOC 1
| #define HAVE_BZERO 1
| #define HAVE_GETTIMEOFDAY 1
| #define HAVE_MEMSET 1
| /* end confdefs.h.  */
| /* Define sqrt to an innocuous variant, in case <limits.h> declares sqrt.
|    For example, HP-UX 11i <limits.h> declares gettimeofday.  */
| #define sqrt innocuous_sqrt
| 
| /* System header to define __stub macros and hopefully few prototypes,
|     which can conflict with char sqrt (); below.
|     Prefer <limits.h> to <assert.h> if __STDC__ is defined, since
|     <limits.h> exists even on freestanding compilers.  */
| 
| #ifdef __STDC__
| # include <limits.h>
| #else
| # include <assert.h>
| #endif
| 
| #undef sqrt
| 
| /* Override any GCC internal prototype to avoid an error.
|    Use char because int might match the return type of a GCC
|    builtin and then its argument prototype would still apply.  */
| #ifdef __cplusplus
| extern "C"
| #endif
| char sqrt ();
| /* The GNU C library defines this for functions which it implements
|     to always fail with ENOSYS.  Some functions are actually named
|     something starting with __ and the normal name is an alias.  */
| #if defined __stub_sqrt || defined __stub___sqrt
| choke me
| #endif
| 
| int
| main ()
| {
| return sqrt ();
|   ;
|   return 0;
| }
configure:5889: result: no
configure:5809: checking for strerror
configure:5865: gcc -o conftest -g -O2   conftest.c  >&5
configure:5871: $? = 0
configure:5889: result: yes
configure:5809: checking for strstr
configure:5865: gcc -o conftest -g -O2   conftest.c  >&5
conftest.c:60:6: warning: conflicting types for built-in function 'strstr' [enabled by default]
configure:5871: $? = 0
configure:5889: result: yes
configure:6068: creating ./config.status

## ---------------------- ##
## Running config.status. ##
## ---------------------- ##

This file was extended by config.status, which was
generated by GNU Autoconf 2.61.  Invocation command line was

  CONFIG_FILES    = 
  CONFIG_HEADERS  = 
  CONFIG_LINKS    = 
  CONFIG_COMMANDS = 
  $ ./config.status 

on samantha

config.status:646: creating Makefile
config.status:646: creating src/common/Makefile
config.status:646: creating src/Base/Makefile
config.status:646: creating src/InvKin/Makefile
config.status:646: creating src/LM/Makefile
config.status:646: creating demo/Makefile
config.status:646: creating Doxyfile.conf
config.status:646: creating py/setup.py
config.status:831: executing depfiles commands

## ---------------- ##
## Cache variables. ##
## ---------------- ##

ac_cv_c_compiler_gnu=yes
ac_cv_c_const=yes
ac_cv_c_inline=inline
ac_cv_cxx_compiler_gnu=yes
ac_cv_env_CCC_set=
ac_cv_env_CCC_value=
ac_cv_env_CC_set=
ac_cv_env_CC_value=
ac_cv_env_CFLAGS_set=
ac_cv_env_CFLAGS_value=
ac_cv_env_CPPFLAGS_set=
ac_cv_env_CPPFLAGS_value=
ac_cv_env_CPP_set=
ac_cv_env_CPP_value=
ac_cv_env_CXXFLAGS_set=
ac_cv_env_CXXFLAGS_value=
ac_cv_env_CXX_set=
ac_cv_env_CXX_value=
ac_cv_env_LDFLAGS_set=
ac_cv_env_LDFLAGS_value=
ac_cv_env_LIBS_set=
ac_cv_env_LIBS_value=
ac_cv_env_PYTHON_VERSION_set=
ac_cv_env_PYTHON_VERSION_value=
ac_cv_env_build_alias_set=
ac_cv_env_build_alias_value=
ac_cv_env_host_alias_set=
ac_cv_env_host_alias_value=
ac_cv_env_target_alias_set=
ac_cv_env_target_alias_value=
ac_cv_func_bzero=yes
ac_cv_func_floor=no
ac_cv_func_gettimeofday=yes
ac_cv_func_malloc_0_nonnull=yes
ac_cv_func_memset=yes
ac_cv_func_pow=no
ac_cv_func_sqrt=no
ac_cv_func_strerror=yes
ac_cv_func_strstr=yes
ac_cv_header_fcntl_h=yes
ac_cv_header_float_h=yes
ac_cv_header_inttypes_h=yes
ac_cv_header_limits_h=yes
ac_cv_header_memory_h=yes
ac_cv_header_stdbool_h=yes
ac_cv_header_stdc=yes
ac_cv_header_stdint_h=yes
ac_cv_header_stdlib_h=yes
ac_cv_header_string_h=yes
ac_cv_header_strings_h=yes
ac_cv_header_sys_stat_h=yes
ac_cv_header_sys_time_h=yes
ac_cv_header_sys_types_h=yes
ac_cv_header_termios_h=yes
ac_cv_header_time=yes
ac_cv_header_unistd_h=yes
ac_cv_objext=o
ac_cv_path_EGREP='/bin/grep -E'
ac_cv_path_GREP=/bin/grep
ac_cv_path_PYTHON=/usr/bin/python
ac_cv_path_install='/usr/bin/install -c'
ac_cv_prog_AWK=gawk
ac_cv_prog_CPP='gcc -E'
ac_cv_prog_ac_ct_CC=gcc
ac_cv_prog_ac_ct_CXX=g++
ac_cv_prog_ac_ct_RANLIB=ranlib
ac_cv_prog_cc_c89=
ac_cv_prog_cc_g=yes
ac_cv_prog_cxx_g=yes
ac_cv_prog_make_make_set=yes
ac_cv_type__Bool=yes
ac_cv_type_ptrdiff_t=yes
ac_cv_type_size_t=yes
am_cv_CC_dependencies_compiler_type=none
am_cv_CXX_dependencies_compiler_type=none

## ----------------- ##
## Output variables. ##
## ----------------- ##

ACLOCAL='aclocal-1.9'
AMDEPBACKSLASH='\'
AMDEP_FALSE='#'
AMDEP_TRUE=''
AMTAR='tar'
AUTOCONF='autoconf'
AUTOHEADER='autoheader'
AUTOMAKE='automake-1.9'
AWK='gawk'
CC='gcc'
CCDEPMODE='depmode=none'
CFLAGS='-g -O2'
CPP='gcc -E'
CPPFLAGS=''
CXX='g++'
CXXDEPMODE='depmode=none'
CXXFLAGS='-g -O2'
CYGPATH_W='echo'
DEFS='-DPACKAGE_NAME=\"\" -DPACKAGE_TARNAME=\"\" -DPACKAGE_VERSION=\"\" -DPACKAGE_STRING=\"\" -DPACKAGE_BUGREPORT=\"\" -DPACKAGE=\"KNI\" -DVERSION=\"3.6.0\" -DSTDC_HEADERS=1 -DHAVE_SYS_TYPES_H=1 -DHAVE_SYS_STAT_H=1 -DHAVE_STDLIB_H=1 -DHAVE_STRING_H=1 -DHAVE_MEMORY_H=1 -DHAVE_STRINGS_H=1 -DHAVE_INTTYPES_H=1 -DHAVE_STDINT_H=1 -DHAVE_UNISTD_H=1 -DHAVE_FCNTL_H=1 -DHAVE_FLOAT_H=1 -DHAVE_LIMITS_H=1 -DHAVE_STRING_H=1 -DHAVE_SYS_TIME_H=1 -DHAVE_TERMIOS_H=1 -DHAVE_UNISTD_H=1 -DHAVE__BOOL=1 -DHAVE_STDBOOL_H=1 -DTIME_WITH_SYS_TIME=1 -DHAVE_PTRDIFF_T=1 -DHAVE_STDLIB_H=1 -DHAVE_MALLOC=1 -DHAVE_BZERO=1 -DHAVE_GETTIMEOFDAY=1 -DHAVE_MEMSET=1 -DHAVE_STRERROR=1 -DHAVE_STRSTR=1'
DEMO_BUILD_TARGETS='interlink perfo sensor keycontrol socketcontrol positions socketcommands'
DEPDIR='.deps'
ECHO_C=''
ECHO_N='-n'
ECHO_T=''
EGREP='/bin/grep -E'
EXEEXT=''
GREP='/bin/grep'
INSTALL_DATA='${INSTALL} -m 644'
INSTALL_PROGRAM='${INSTALL}'
INSTALL_SCRIPT='${INSTALL}'
INSTALL_STRIP_PROGRAM='${SHELL} $(install_sh) -c -s'
LDFLAGS=''
LIBOBJS=''
LIBS=''
LIB_BUILD_TARGETS='alib solib'
LTLIBOBJS=''
MAIN_TARGETS='src/common src/Base src/InvKin src/LM demo'
MAJOR_VERSION='3.6'
MAKEINFO='makeinfo'
MINOR_VERSION='0'
OBJEXT='o'
PACKAGE='KNI'
PACKAGE_BUGREPORT=''
PACKAGE_NAME=''
PACKAGE_STRING=''
PACKAGE_TARNAME=''
PACKAGE_VERSION=''
PATH_SEPARATOR=':'
PYTHON='/usr/bin/python'
PYTHON_CPPFLAGS='-I/usr/include/python2.7'
PYTHON_EXTRA_LDFLAGS='-Xlinker -export-dynamic -Wl,-O1 -Wl,-Bsymbolic-functions'
PYTHON_EXTRA_LIBS='-L/usr/lib -lz -lpthread -ldl  -lutil'
PYTHON_LDFLAGS='-L/usr/lib/python2.7 -lpython2.7'
PYTHON_SITE_PKG='/usr/lib/python2.7/dist-packages'
PYTHON_VERSION=''
RANLIB='ranlib'
SET_MAKE=''
SHELL='/bin/bash'
STRIP=''
SWIG='echo "Error: SWIG is not installed. You should look at http://www.swig.org" ; false -c++'
SWIG_LIB=''
SWIG_PYTHON_CPPFLAGS='-I/usr/include/python2.7'
SWIG_PYTHON_OPT='-python'
VERSION='3.6.0'
ac_ct_CC='gcc'
ac_ct_CXX='g++'
am__fastdepCC_FALSE=''
am__fastdepCC_TRUE='#'
am__fastdepCXX_FALSE=''
am__fastdepCXX_TRUE='#'
am__include='include'
am__leading_dot='.'
am__quote=''
am__tar='${AMTAR} chof - "$$tardir"'
am__untar='${AMTAR} xf -'
bindir='${exec_prefix}/bin'
build_alias=''
datadir='${datarootdir}'
datarootdir='${prefix}/share'
docdir='${datarootdir}/doc/${PACKAGE}'
dvidir='${docdir}'
exec_prefix='${prefix}'
host_alias=''
htmldir='${docdir}'
includedir='${prefix}/include'
infodir='${datarootdir}/info'
install_sh='/home/nilsbeausse/Simulateur/broker/KNI_3.9.1/install-sh'
libdir='${exec_prefix}/lib'
libexecdir='${exec_prefix}/libexec'
localedir='${datarootdir}/locale'
localstatedir='${prefix}/var'
mandir='${datarootdir}/man'
mkdir_p='mkdir -p --'
oldincludedir='/usr/include'
pdfdir='${docdir}'
prefix='/usr/local'
program_transform_name='s,x,x,'
psdir='${docdir}'
sbindir='${exec_prefix}/sbin'
sharedstatedir='${prefix}/com'
sysconfdir='${prefix}/etc'
target_alias=''

## ----------- ##
## confdefs.h. ##
## ----------- ##

#define PACKAGE_NAME ""
#define PACKAGE_TARNAME ""
#define PACKAGE_VERSION ""
#define PACKAGE_STRING ""
#define PACKAGE_BUGREPORT ""
#define PACKAGE "KNI"
#define VERSION "3.6.0"
#define STDC_HEADERS 1
#define HAVE_SYS_TYPES_H 1
#define HAVE_SYS_STAT_H 1
#define HAVE_STDLIB_H 1
#define HAVE_STRING_H 1
#define HAVE_MEMORY_H 1
#define HAVE_STRINGS_H 1
#define HAVE_INTTYPES_H 1
#define HAVE_STDINT_H 1
#define HAVE_UNISTD_H 1
#define HAVE_FCNTL_H 1
#define HAVE_FLOAT_H 1
#define HAVE_LIMITS_H 1
#define HAVE_STRING_H 1
#define HAVE_SYS_TIME_H 1
#define HAVE_TERMIOS_H 1
#define HAVE_UNISTD_H 1
#define HAVE__BOOL 1
#define HAVE_STDBOOL_H 1
#define TIME_WITH_SYS_TIME 1
#define HAVE_PTRDIFF_T 1
#define HAVE_STDLIB_H 1
#define HAVE_MALLOC 1
#define HAVE_BZERO 1
#define HAVE_GETTIMEOFDAY 1
#define HAVE_MEMSET 1
#define HAVE_STRERROR 1
#define HAVE_STRSTR 1

configure: exit 0
